<?xml version="1.0" encoding="UTF-8"?>
<testng-results skipped="0" failed="0" total="1" passed="1">
  <reporter-output>
  </reporter-output>
  <suite name="Default suite" duration-ms="41562" started-at="2015-10-03T15:04:44Z" finished-at="2015-10-03T15:05:26Z">
    <groups>
    </groups>
    <test name="Default test" duration-ms="41562" started-at="2015-10-03T15:04:44Z" finished-at="2015-10-03T15:05:26Z">
      <class name="leadTest.AddleadTest">
        <test-method status="PASS" signature="beforeTest()[pri:0, instance:leadTest.AddleadTest@2aaf7cc2]" name="beforeTest" is-config="true" duration-ms="9958" started-at="2015-10-03T17:04:44Z" finished-at="2015-10-03T17:04:54Z">
          <reporter-output>
          </reporter-output>
        </test-method> <!-- beforeTest -->
        <test-method status="PASS" signature="addNewNowte()[pri:0, instance:leadTest.AddleadTest@2aaf7cc2]" name="addNewNowte" duration-ms="27105" started-at="2015-10-03T17:04:54Z" finished-at="2015-10-03T17:05:22Z">
          <reporter-output>
          </reporter-output>
        </test-method> <!-- addNewNowte -->
        <test-method status="PASS" signature="afterTest()[pri:0, instance:leadTest.AddleadTest@2aaf7cc2]" name="afterTest" is-config="true" duration-ms="4484" started-at="2015-10-03T17:05:22Z" finished-at="2015-10-03T17:05:26Z">
          <reporter-output>
          </reporter-output>
        </test-method> <!-- afterTest -->
      </class> <!-- leadTest.AddleadTest -->
    </test> <!-- Default test -->
  </suite> <!-- Default suite -->
</testng-results>
